Using pre-set license
Built from '2020.3/staging' branch; Version is '2020.3.5f1 (8095aa901b9b) revision 8426922'; Using compiler version '192528614'; Build Type 'Release'
OS: 'Windows 10 Pro; OS build 19042.1415; Version 2009; 64bit' Language: 'ko' Physical Memory: 130978 MB
BatchMode: 1, IsHumanControllingUs: 0, StartBugReporterOnCrash: 0, Is64bit: 1, IsPro: 0

 COMMAND LINE ARGUMENTS:
C:\Program Files\Unity\Hub\Editor\2020.3.5f1\Editor\Unity.exe
-adb2
-batchMode
-noUpm
-name
AssetImportWorker0
-projectPath
D:/UnityProject/ProjectUL
-logFile
Logs/AssetImportWorker0.log
-srvPort
61699
Successfully changed project path to: D:/UnityProject/ProjectUL
D:/UnityProject/ProjectUL
Using Asset Import Pipeline V2.
Refreshing native plugins compatible for Editor in 14.52 ms, found 0 plugins.
Preloading 0 native plugins for Editor in 0.00 ms.
Initialize engine version: 2020.3.5f1 (8095aa901b9b)
[Subsystems] Discovering subsystems at path C:/Program Files/Unity/Hub/Editor/2020.3.5f1/Editor/Data/Resources/UnitySubsystems
[Subsystems] Discovering subsystems at path D:/UnityProject/ProjectUL/Assets
GfxDevice: creating device client; threaded=0
Direct3D:
    Version:  Direct3D 11.0 [level 11.1]
    Renderer: NVIDIA GeForce RTX 3060 (ID=0x2503)
    Vendor:   
    VRAM:     12143 MB
    Driver:   27.21.14.6589
Initialize mono
Mono path[0] = 'C:/Program Files/Unity/Hub/Editor/2020.3.5f1/Editor/Data/Managed'
Mono path[1] = 'C:/Program Files/Unity/Hub/Editor/2020.3.5f1/Editor/Data/MonoBleedingEdge/lib/mono/unityjit'
Mono config path = 'C:/Program Files/Unity/Hub/Editor/2020.3.5f1/Editor/Data/MonoBleedingEdge/etc'
Using monoOptions --debugger-agent=transport=dt_socket,embedding=1,server=y,suspend=n,address=127.0.0.1:56004
Begin MonoManager ReloadAssembly
Registering precompiled unity dll's ...
Register platform support module: C:/Program Files/Unity/Hub/Editor/2020.3.5f1/Editor/Data/PlaybackEngines/WindowsStandaloneSupport/UnityEditor.WindowsStandalone.Extensions.dll
Registered in 0.001334 seconds.
Native extension for WindowsStandalone target not found
Refreshing native plugins compatible for Editor in 14.02 ms, found 0 plugins.
Preloading 0 native plugins for Editor in 0.00 ms.
Mono: successfully reloaded assembly
- Completed reload, in  1.390 seconds
Platform modules already initialized, skipping
Registering precompiled user dll's ...
Registered in 0.000414 seconds.
Begin MonoManager ReloadAssembly
Native extension for WindowsStandalone target not found
Refreshing native plugins compatible for Editor in 0.21 ms, found 0 plugins.
Preloading 0 native plugins for Editor in 0.00 ms.
Mono: successfully reloaded assembly
- Completed reload, in  0.489 seconds
Platform modules already initialized, skipping
========================================================================
Worker process is ready to serve import requests
Launched and connected shader compiler UnityShaderCompiler.exe after 0.03 seconds
Refreshing native plugins compatible for Editor in 0.18 ms, found 0 plugins.
Preloading 0 native plugins for Editor in 0.00 ms.
Unloading 1132 Unused Serialized files (Serialized files now loaded: 0)
System memory in use before: 60.0 MB.
System memory in use after: 60.1 MB.

Unloading 9 unused Assets to reduce memory usage. Loaded Objects now: 1574.
Total: 1.433300 ms (FindLiveObjects: 0.133400 ms CreateObjectMapping: 0.030700 ms MarkObjects: 1.224100 ms  DeleteObjects: 0.044300 ms)

========================================================================
Received Import Request.
  path: Assets/Scripts/Game/Battle/IFieldObject.cs
  artifactKey: Guid(dc653f782ff814f4f8632305a5a288da) Importer(815301076,1909f56bfc062723c751e8b465ee728b)
Start importing Assets/Scripts/Game/Battle/IFieldObject.cs using Guid(dc653f782ff814f4f8632305a5a288da) Importer(815301076,1909f56bfc062723c751e8b465ee728b)  -> (artifact id: '73717df24d40f182956e0f0dc3e8efa2') in 0.023211 seconds
  Import took 0.024553 seconds .

========================================================================
Received Import Request.
  Time since last request: 0.000180 seconds.
  path: Assets/Scripts/Game/Battle/TimeLineObject.cs
  artifactKey: Guid(4d90f5f7c81e1db4698535f3f60842a7) Importer(815301076,1909f56bfc062723c751e8b465ee728b)
Start importing Assets/Scripts/Game/Battle/TimeLineObject.cs using Guid(4d90f5f7c81e1db4698535f3f60842a7) Importer(815301076,1909f56bfc062723c751e8b465ee728b)  -> (artifact id: '511c724c866c605fc0e3154fc5ab0a90') in 0.003622 seconds
  Import took 0.004748 seconds .

========================================================================
Received Import Request.
  Time since last request: 0.000080 seconds.
  path: Assets/Scripts/Game/Battle/FieldStateObject.cs
  artifactKey: Guid(7a757ab2e217edb469e9c7af6e921b50) Importer(815301076,1909f56bfc062723c751e8b465ee728b)
Start importing Assets/Scripts/Game/Battle/FieldStateObject.cs using Guid(7a757ab2e217edb469e9c7af6e921b50) Importer(815301076,1909f56bfc062723c751e8b465ee728b)  -> (artifact id: '389abfbc8d7579b74d1673a0fa6b1fe9') in 0.003403 seconds
  Import took 0.004347 seconds .

========================================================================
Received Import Request.
  Time since last request: 0.821199 seconds.
  path: Assets/Scripts/Game/Battle/Enemy.cs
  artifactKey: Guid(8e0d9614c38d56044a1676876cf4c4fc) Importer(815301076,1909f56bfc062723c751e8b465ee728b)
Start importing Assets/Scripts/Game/Battle/Enemy.cs using Guid(8e0d9614c38d56044a1676876cf4c4fc) Importer(815301076,1909f56bfc062723c751e8b465ee728b)  -> (artifact id: '61fb0d211f8e7942a3f1d3571803bbc5') in 0.004913 seconds
  Import took 0.006448 seconds .

========================================================================
Received Import Request.
  Time since last request: 7260.375991 seconds.
  path: Assets/Scripts/Game
  artifactKey: Guid(504214e227b5223418f8b93a9ce3c960) Importer(815301076,1909f56bfc062723c751e8b465ee728b)
Start importing Assets/Scripts/Game using Guid(504214e227b5223418f8b93a9ce3c960) Importer(815301076,1909f56bfc062723c751e8b465ee728b)  -> (artifact id: '7a883e2887429ccf17443514d7715a93') in 0.005925 seconds
  Import took 0.007825 seconds .

========================================================================
Received Import Request.
  Time since last request: 13.296337 seconds.
  path: Assets/Scripts/Game/Enemy
  artifactKey: Guid(4373c495cd8d0a744a95da6ea01317d8) Importer(815301076,1909f56bfc062723c751e8b465ee728b)
Start importing Assets/Scripts/Game/Enemy using Guid(4373c495cd8d0a744a95da6ea01317d8) Importer(815301076,1909f56bfc062723c751e8b465ee728b)  -> (artifact id: 'bf7352e7f04dc8e45ba64f77889cafb5') in 0.002612 seconds
  Import took 0.004088 seconds .

========================================================================
Received Import Request.
  Time since last request: 1.816461 seconds.
  path: Assets/Scripts/Game/Battle
  artifactKey: Guid(e214e59ee784b13488d77c65d65d26e9) Importer(815301076,1909f56bfc062723c751e8b465ee728b)
Start importing Assets/Scripts/Game/Battle using Guid(e214e59ee784b13488d77c65d65d26e9) Importer(815301076,1909f56bfc062723c751e8b465ee728b)  -> (artifact id: 'b8b63a92f79c702d4aa2a8a97ba204fa') in 0.004930 seconds
  Import took 0.006675 seconds .

========================================================================
Received Prepare
Registering precompiled user dll's ...
Registered in 0.000393 seconds.
Begin MonoManager ReloadAssembly
Native extension for WindowsStandalone target not found
Refreshing native plugins compatible for Editor in 0.21 ms, found 0 plugins.
Preloading 0 native plugins for Editor in 0.00 ms.
Mono: successfully reloaded assembly
- Completed reload, in  0.492 seconds
Platform modules already initialized, skipping
Switching build target platform(5) subTarget(0) extendedPlatform(0) -> platform(13) subTarget(537395200) extendedPlatform(0)
Refreshing native plugins compatible for Editor in 0.21 ms, found 0 plugins.
Preloading 0 native plugins for Editor in 0.00 ms.
Unloading 1130 Unused Serialized files (Serialized files now loaded: 0)
System memory in use before: 60.0 MB.
System memory in use after: 60.1 MB.

Unloading 4 unused Assets to reduce memory usage. Loaded Objects now: 1577.
Total: 1.381500 ms (FindLiveObjects: 0.140000 ms CreateObjectMapping: 0.030100 ms MarkObjects: 1.198200 ms  DeleteObjects: 0.012500 ms)

AssetImportParameters requested are different than current active one (requested -> active):
  custom:graphics/normal-map-encoding: 01000000000000000000000000000000 -> 02000000000000000000000000000000
========================================================================
Received Import Request.
  Time since last request: 34.939441 seconds.
  path: Assets/Scripts/Game/Enemy/Scarecrow.cs
  artifactKey: Guid(f5be5d80e195b394cb176203ba3b69ec) Importer(815301076,1909f56bfc062723c751e8b465ee728b)
Start importing Assets/Scripts/Game/Enemy/Scarecrow.cs using Guid(f5be5d80e195b394cb176203ba3b69ec) Importer(815301076,1909f56bfc062723c751e8b465ee728b)  -> (artifact id: 'f989e8cffa310f185d5d117fc4ce03cb') in 0.006954 seconds
  Import took 0.008535 seconds .

========================================================================
Received Prepare
Registering precompiled user dll's ...
Registered in 0.000378 seconds.
Begin MonoManager ReloadAssembly
Native extension for WindowsStandalone target not found
Refreshing native plugins compatible for Editor in 0.23 ms, found 0 plugins.
Preloading 0 native plugins for Editor in 0.00 ms.
Mono: successfully reloaded assembly
- Completed reload, in  0.505 seconds
Platform modules already initialized, skipping
Switching build target platform(5) subTarget(0) extendedPlatform(0) -> platform(13) subTarget(537395200) extendedPlatform(0)
Refreshing native plugins compatible for Editor in 0.14 ms, found 0 plugins.
Preloading 0 native plugins for Editor in 0.00 ms.
Unloading 1131 Unused Serialized files (Serialized files now loaded: 0)
System memory in use before: 60.0 MB.
System memory in use after: 60.1 MB.

Unloading 4 unused Assets to reduce memory usage. Loaded Objects now: 1581.
Total: 1.318700 ms (FindLiveObjects: 0.149700 ms CreateObjectMapping: 0.026700 ms MarkObjects: 1.129800 ms  DeleteObjects: 0.011900 ms)

AssetImportParameters requested are different than current active one (requested -> active):
  custom:graphics/normal-map-encoding: 01000000000000000000000000000000 -> 02000000000000000000000000000000
========================================================================
Received Prepare
Registering precompiled user dll's ...
Registered in 0.000398 seconds.
Begin MonoManager ReloadAssembly
Native extension for WindowsStandalone target not found
Refreshing native plugins compatible for Editor in 0.22 ms, found 0 plugins.
Preloading 0 native plugins for Editor in 0.00 ms.
Mono: successfully reloaded assembly
- Completed reload, in  0.501 seconds
Platform modules already initialized, skipping
Switching build target platform(5) subTarget(0) extendedPlatform(0) -> platform(13) subTarget(537395200) extendedPlatform(0)
Refreshing native plugins compatible for Editor in 0.08 ms, found 0 plugins.
Preloading 0 native plugins for Editor in 0.00 ms.
Unloading 1131 Unused Serialized files (Serialized files now loaded: 0)
System memory in use before: 60.0 MB.
System memory in use after: 60.1 MB.

Unloading 4 unused Assets to reduce memory usage. Loaded Objects now: 1584.
Total: 1.462400 ms (FindLiveObjects: 0.141600 ms CreateObjectMapping: 0.029400 ms MarkObjects: 1.277900 ms  DeleteObjects: 0.012500 ms)

AssetImportParameters requested are different than current active one (requested -> active):
  custom:graphics/normal-map-encoding: 01000000000000000000000000000000 -> 02000000000000000000000000000000
========================================================================
Received Import Request.
  Time since last request: 430.139461 seconds.
  path: Assets/Scripts/Game/Enemy/Scarecrow.cs
  artifactKey: Guid(f5be5d80e195b394cb176203ba3b69ec) Importer(815301076,1909f56bfc062723c751e8b465ee728b)
Start importing Assets/Scripts/Game/Enemy/Scarecrow.cs using Guid(f5be5d80e195b394cb176203ba3b69ec) Importer(815301076,1909f56bfc062723c751e8b465ee728b)  -> (artifact id: '554f2b30fa8b05a9d6410c8d37fce6a5') in 0.003377 seconds
  Import took 0.004645 seconds .

========================================================================
Received Import Request.
  Time since last request: 6.499619 seconds.
  path: Assets/WBTTools/ObjectPool.cs
  artifactKey: Guid(7164ccb84a0d52343808f14e52f7df4c) Importer(815301076,1909f56bfc062723c751e8b465ee728b)
Start importing Assets/WBTTools/ObjectPool.cs using Guid(7164ccb84a0d52343808f14e52f7df4c) Importer(815301076,1909f56bfc062723c751e8b465ee728b)  -> (artifact id: 'ff66e2760e4a7cab72864711075545ce') in 0.004915 seconds
  Import took 0.006503 seconds .

========================================================================
Received Import Request.
  Time since last request: 0.015140 seconds.
  path: Assets/WBTTools/ObjectPool.cs
  artifactKey: Guid(7164ccb84a0d52343808f14e52f7df4c) Importer(815301076,1909f56bfc062723c751e8b465ee728b)
Start importing Assets/WBTTools/ObjectPool.cs using Guid(7164ccb84a0d52343808f14e52f7df4c) Importer(815301076,1909f56bfc062723c751e8b465ee728b)  -> (artifact id: 'ff66e2760e4a7cab72864711075545ce') in 0.001477 seconds
  Import took 0.002844 seconds .

========================================================================
Received Prepare
Registering precompiled user dll's ...
Registered in 0.000383 seconds.
Begin MonoManager ReloadAssembly
Native extension for WindowsStandalone target not found
Refreshing native plugins compatible for Editor in 0.21 ms, found 0 plugins.
Preloading 0 native plugins for Editor in 0.00 ms.
Mono: successfully reloaded assembly
- Completed reload, in  0.506 seconds
Platform modules already initialized, skipping
Switching build target platform(5) subTarget(0) extendedPlatform(0) -> platform(13) subTarget(537395200) extendedPlatform(0)
Refreshing native plugins compatible for Editor in 0.08 ms, found 0 plugins.
Preloading 0 native plugins for Editor in 0.00 ms.
Unloading 1131 Unused Serialized files (Serialized files now loaded: 0)
System memory in use before: 60.0 MB.
System memory in use after: 60.1 MB.

Unloading 4 unused Assets to reduce memory usage. Loaded Objects now: 1587.
Total: 1.494600 ms (FindLiveObjects: 0.130700 ms CreateObjectMapping: 0.030200 ms MarkObjects: 1.321300 ms  DeleteObjects: 0.011600 ms)

AssetImportParameters requested are different than current active one (requested -> active):
  custom:graphics/normal-map-encoding: 01000000000000000000000000000000 -> 02000000000000000000000000000000
========================================================================
Received Prepare
Registering precompiled user dll's ...
Registered in 0.000361 seconds.
Begin MonoManager ReloadAssembly
Native extension for WindowsStandalone target not found
Refreshing native plugins compatible for Editor in 0.21 ms, found 0 plugins.
Preloading 0 native plugins for Editor in 0.00 ms.
Mono: successfully reloaded assembly
- Completed reload, in  0.509 seconds
Platform modules already initialized, skipping
Switching build target platform(5) subTarget(0) extendedPlatform(0) -> platform(13) subTarget(537395200) extendedPlatform(0)
Refreshing native plugins compatible for Editor in 0.10 ms, found 0 plugins.
Preloading 0 native plugins for Editor in 0.00 ms.
Unloading 1131 Unused Serialized files (Serialized files now loaded: 0)
System memory in use before: 60.0 MB.
System memory in use after: 60.1 MB.

Unloading 4 unused Assets to reduce memory usage. Loaded Objects now: 1590.
Total: 1.373500 ms (FindLiveObjects: 0.149900 ms CreateObjectMapping: 0.036600 ms MarkObjects: 1.173900 ms  DeleteObjects: 0.012500 ms)

AssetImportParameters requested are different than current active one (requested -> active):
  custom:graphics/normal-map-encoding: 01000000000000000000000000000000 -> 02000000000000000000000000000000
========================================================================
Received Prepare
Registering precompiled user dll's ...
Registered in 0.000402 seconds.
Begin MonoManager ReloadAssembly
Native extension for WindowsStandalone target not found
Refreshing native plugins compatible for Editor in 0.21 ms, found 0 plugins.
Preloading 0 native plugins for Editor in 0.00 ms.
Mono: successfully reloaded assembly
- Completed reload, in  0.512 seconds
Platform modules already initialized, skipping
Switching build target platform(5) subTarget(0) extendedPlatform(0) -> platform(13) subTarget(537395200) extendedPlatform(0)
Refreshing native plugins compatible for Editor in 0.10 ms, found 0 plugins.
Preloading 0 native plugins for Editor in 0.00 ms.
Unloading 1131 Unused Serialized files (Serialized files now loaded: 0)
System memory in use before: 60.0 MB.
System memory in use after: 60.1 MB.

Unloading 4 unused Assets to reduce memory usage. Loaded Objects now: 1593.
Total: 1.400400 ms (FindLiveObjects: 0.161300 ms CreateObjectMapping: 0.028700 ms MarkObjects: 1.197500 ms  DeleteObjects: 0.012200 ms)

AssetImportParameters requested are different than current active one (requested -> active):
  custom:graphics/normal-map-encoding: 01000000000000000000000000000000 -> 02000000000000000000000000000000
========================================================================
Received Prepare
Registering precompiled user dll's ...
Registered in 0.000443 seconds.
Begin MonoManager ReloadAssembly
Native extension for WindowsStandalone target not found
Refreshing native plugins compatible for Editor in 0.21 ms, found 0 plugins.
Preloading 0 native plugins for Editor in 0.00 ms.
Mono: successfully reloaded assembly
- Completed reload, in  0.509 seconds
Platform modules already initialized, skipping
Switching build target platform(5) subTarget(0) extendedPlatform(0) -> platform(13) subTarget(537395200) extendedPlatform(0)
Refreshing native plugins compatible for Editor in 0.08 ms, found 0 plugins.
Preloading 0 native plugins for Editor in 0.00 ms.
Unloading 1131 Unused Serialized files (Serialized files now loaded: 0)
System memory in use before: 60.1 MB.
System memory in use after: 60.1 MB.

Unloading 4 unused Assets to reduce memory usage. Loaded Objects now: 1596.
Total: 1.306100 ms (FindLiveObjects: 0.135400 ms CreateObjectMapping: 0.032200 ms MarkObjects: 1.129700 ms  DeleteObjects: 0.008300 ms)

AssetImportParameters requested are different than current active one (requested -> active):
  custom:graphics/normal-map-encoding: 01000000000000000000000000000000 -> 02000000000000000000000000000000
========================================================================
Received Prepare
Registering precompiled user dll's ...
Registered in 0.000405 seconds.
Begin MonoManager ReloadAssembly
Native extension for WindowsStandalone target not found
Refreshing native plugins compatible for Editor in 0.21 ms, found 0 plugins.
Preloading 0 native plugins for Editor in 0.00 ms.
Mono: successfully reloaded assembly
- Completed reload, in  0.528 seconds
Platform modules already initialized, skipping
Switching build target platform(5) subTarget(0) extendedPlatform(0) -> platform(13) subTarget(537395200) extendedPlatform(0)
Refreshing native plugins compatible for Editor in 0.08 ms, found 0 plugins.
Preloading 0 native plugins for Editor in 0.00 ms.
Unloading 1131 Unused Serialized files (Serialized files now loaded: 0)
System memory in use before: 60.1 MB.
System memory in use after: 60.2 MB.

Unloading 4 unused Assets to reduce memory usage. Loaded Objects now: 1599.
Total: 1.363000 ms (FindLiveObjects: 0.148100 ms CreateObjectMapping: 0.032700 ms MarkObjects: 1.173300 ms  DeleteObjects: 0.008000 ms)

AssetImportParameters requested are different than current active one (requested -> active):
  custom:graphics/normal-map-encoding: 01000000000000000000000000000000 -> 02000000000000000000000000000000
========================================================================
Received Prepare
Registering precompiled user dll's ...
Registered in 0.000365 seconds.
Begin MonoManager ReloadAssembly
Native extension for WindowsStandalone target not found
Refreshing native plugins compatible for Editor in 0.21 ms, found 0 plugins.
Preloading 0 native plugins for Editor in 0.00 ms.
Mono: successfully reloaded assembly
- Completed reload, in  0.518 seconds
Platform modules already initialized, skipping
Switching build target platform(5) subTarget(0) extendedPlatform(0) -> platform(13) subTarget(537395200) extendedPlatform(0)
Refreshing native plugins compatible for Editor in 0.14 ms, found 0 plugins.
Preloading 0 native plugins for Editor in 0.00 ms.
Unloading 1131 Unused Serialized files (Serialized files now loaded: 0)
System memory in use before: 60.1 MB.
System memory in use after: 60.2 MB.

Unloading 4 unused Assets to reduce memory usage. Loaded Objects now: 1602.
Total: 1.441400 ms (FindLiveObjects: 0.128900 ms CreateObjectMapping: 0.023300 ms MarkObjects: 1.276200 ms  DeleteObjects: 0.012400 ms)

AssetImportParameters requested are different than current active one (requested -> active):
  custom:graphics/normal-map-encoding: 01000000000000000000000000000000 -> 02000000000000000000000000000000
========================================================================
Received Prepare
Registering precompiled user dll's ...
Registered in 0.000364 seconds.
Begin MonoManager ReloadAssembly
Native extension for WindowsStandalone target not found
Refreshing native plugins compatible for Editor in 0.21 ms, found 0 plugins.
Preloading 0 native plugins for Editor in 0.00 ms.
Mono: successfully reloaded assembly
- Completed reload, in  0.526 seconds
Platform modules already initialized, skipping
Switching build target platform(5) subTarget(0) extendedPlatform(0) -> platform(13) subTarget(537395200) extendedPlatform(0)
Refreshing native plugins compatible for Editor in 0.16 ms, found 0 plugins.
Preloading 0 native plugins for Editor in 0.00 ms.
Unloading 1131 Unused Serialized files (Serialized files now loaded: 0)
System memory in use before: 60.1 MB.
System memory in use after: 60.2 MB.

Unloading 4 unused Assets to reduce memory usage. Loaded Objects now: 1605.
Total: 1.464700 ms (FindLiveObjects: 0.126500 ms CreateObjectMapping: 0.033400 ms MarkObjects: 1.291400 ms  DeleteObjects: 0.012600 ms)

AssetImportParameters requested are different than current active one (requested -> active):
  custom:graphics/normal-map-encoding: 01000000000000000000000000000000 -> 02000000000000000000000000000000
========================================================================
Received Prepare
Registering precompiled user dll's ...
Registered in 0.000458 seconds.
Begin MonoManager ReloadAssembly
Native extension for WindowsStandalone target not found
Refreshing native plugins compatible for Editor in 0.21 ms, found 0 plugins.
Preloading 0 native plugins for Editor in 0.00 ms.
Mono: successfully reloaded assembly
- Completed reload, in  0.537 seconds
Platform modules already initialized, skipping
Switching build target platform(5) subTarget(0) extendedPlatform(0) -> platform(13) subTarget(537395200) extendedPlatform(0)
Refreshing native plugins compatible for Editor in 0.14 ms, found 0 plugins.
Preloading 0 native plugins for Editor in 0.00 ms.
Unloading 1131 Unused Serialized files (Serialized files now loaded: 0)
System memory in use before: 60.1 MB.
System memory in use after: 60.2 MB.

Unloading 4 unused Assets to reduce memory usage. Loaded Objects now: 1608.
Total: 1.341400 ms (FindLiveObjects: 0.133400 ms CreateObjectMapping: 0.025600 ms MarkObjects: 1.172000 ms  DeleteObjects: 0.009900 ms)

AssetImportParameters requested are different than current active one (requested -> active):
  custom:graphics/normal-map-encoding: 01000000000000000000000000000000 -> 02000000000000000000000000000000
========================================================================
Received Prepare
Registering precompiled user dll's ...
Registered in 0.000378 seconds.
Begin MonoManager ReloadAssembly
Native extension for WindowsStandalone target not found
Refreshing native plugins compatible for Editor in 0.21 ms, found 0 plugins.
Preloading 0 native plugins for Editor in 0.00 ms.
Mono: successfully reloaded assembly
- Completed reload, in  0.537 seconds
Platform modules already initialized, skipping
Switching build target platform(5) subTarget(0) extendedPlatform(0) -> platform(13) subTarget(537395200) extendedPlatform(0)
Refreshing native plugins compatible for Editor in 0.08 ms, found 0 plugins.
Preloading 0 native plugins for Editor in 0.00 ms.
Unloading 1131 Unused Serialized files (Serialized files now loaded: 0)
System memory in use before: 60.1 MB.
System memory in use after: 60.2 MB.

Unloading 4 unused Assets to reduce memory usage. Loaded Objects now: 1611.
Total: 1.488400 ms (FindLiveObjects: 0.145000 ms CreateObjectMapping: 0.034500 ms MarkObjects: 1.298200 ms  DeleteObjects: 0.010000 ms)

AssetImportParameters requested are different than current active one (requested -> active):
  custom:graphics/normal-map-encoding: 01000000000000000000000000000000 -> 02000000000000000000000000000000
========================================================================
Received Prepare
Registering precompiled user dll's ...
Registered in 0.000384 seconds.
Begin MonoManager ReloadAssembly
Native extension for WindowsStandalone target not found
Refreshing native plugins compatible for Editor in 0.20 ms, found 0 plugins.
Preloading 0 native plugins for Editor in 0.00 ms.
Mono: successfully reloaded assembly
- Completed reload, in  0.544 seconds
Platform modules already initialized, skipping
Switching build target platform(5) subTarget(0) extendedPlatform(0) -> platform(13) subTarget(537395200) extendedPlatform(0)
Refreshing native plugins compatible for Editor in 0.17 ms, found 0 plugins.
Preloading 0 native plugins for Editor in 0.00 ms.
Unloading 1131 Unused Serialized files (Serialized files now loaded: 0)
System memory in use before: 60.1 MB.
System memory in use after: 60.2 MB.

Unloading 4 unused Assets to reduce memory usage. Loaded Objects now: 1614.
Total: 1.534200 ms (FindLiveObjects: 0.141700 ms CreateObjectMapping: 0.028700 ms MarkObjects: 1.350100 ms  DeleteObjects: 0.013100 ms)

AssetImportParameters requested are different than current active one (requested -> active):
  custom:graphics/normal-map-encoding: 01000000000000000000000000000000 -> 02000000000000000000000000000000
========================================================================
Received Prepare
Registering precompiled user dll's ...
Registered in 0.000385 seconds.
Begin MonoManager ReloadAssembly
Native extension for WindowsStandalone target not found
Refreshing native plugins compatible for Editor in 0.21 ms, found 0 plugins.
Preloading 0 native plugins for Editor in 0.00 ms.
Mono: successfully reloaded assembly
- Completed reload, in  0.561 seconds
Platform modules already initialized, skipping
Switching build target platform(5) subTarget(0) extendedPlatform(0) -> platform(13) subTarget(537395200) extendedPlatform(0)
Refreshing native plugins compatible for Editor in 0.15 ms, found 0 plugins.
Preloading 0 native plugins for Editor in 0.00 ms.
Unloading 1131 Unused Serialized files (Serialized files now loaded: 0)
System memory in use before: 60.1 MB.
System memory in use after: 60.2 MB.

Unloading 4 unused Assets to reduce memory usage. Loaded Objects now: 1617.
Total: 1.402100 ms (FindLiveObjects: 0.140300 ms CreateObjectMapping: 0.031300 ms MarkObjects: 1.220100 ms  DeleteObjects: 0.009800 ms)

AssetImportParameters requested are different than current active one (requested -> active):
  custom:graphics/normal-map-encoding: 01000000000000000000000000000000 -> 02000000000000000000000000000000
========================================================================
Received Prepare
Registering precompiled user dll's ...
Registered in 0.000375 seconds.
Begin MonoManager ReloadAssembly
Native extension for WindowsStandalone target not found
Refreshing native plugins compatible for Editor in 0.24 ms, found 0 plugins.
Preloading 0 native plugins for Editor in 0.00 ms.
Mono: successfully reloaded assembly
- Completed reload, in  0.554 seconds
Platform modules already initialized, skipping
Switching build target platform(5) subTarget(0) extendedPlatform(0) -> platform(13) subTarget(537395200) extendedPlatform(0)
Refreshing native plugins compatible for Editor in 0.16 ms, found 0 plugins.
Preloading 0 native plugins for Editor in 0.00 ms.
Unloading 1131 Unused Serialized files (Serialized files now loaded: 0)
System memory in use before: 60.1 MB.
System memory in use after: 60.2 MB.

Unloading 4 unused Assets to reduce memory usage. Loaded Objects now: 1620.
Total: 1.278600 ms (FindLiveObjects: 0.148400 ms CreateObjectMapping: 0.025600 ms MarkObjects: 1.092700 ms  DeleteObjects: 0.011100 ms)

AssetImportParameters requested are different than current active one (requested -> active):
  custom:graphics/normal-map-encoding: 01000000000000000000000000000000 -> 02000000000000000000000000000000
========================================================================
Received Prepare
Registering precompiled user dll's ...
Registered in 0.000363 seconds.
Begin MonoManager ReloadAssembly
Native extension for WindowsStandalone target not found
Refreshing native plugins compatible for Editor in 0.21 ms, found 0 plugins.
Preloading 0 native plugins for Editor in 0.00 ms.
Mono: successfully reloaded assembly
- Completed reload, in  0.554 seconds
Platform modules already initialized, skipping
Switching build target platform(5) subTarget(0) extendedPlatform(0) -> platform(13) subTarget(537395200) extendedPlatform(0)
Refreshing native plugins compatible for Editor in 0.17 ms, found 0 plugins.
Preloading 0 native plugins for Editor in 0.00 ms.
Unloading 1131 Unused Serialized files (Serialized files now loaded: 0)
System memory in use before: 60.1 MB.
System memory in use after: 60.2 MB.

Unloading 4 unused Assets to reduce memory usage. Loaded Objects now: 1623.
Total: 1.481500 ms (FindLiveObjects: 0.134700 ms CreateObjectMapping: 0.033500 ms MarkObjects: 1.301600 ms  DeleteObjects: 0.011100 ms)

AssetImportParameters requested are different than current active one (requested -> active):
  custom:graphics/normal-map-encoding: 01000000000000000000000000000000 -> 02000000000000000000000000000000
========================================================================
Received Prepare
Registering precompiled user dll's ...
Registered in 0.000361 seconds.
Begin MonoManager ReloadAssembly
Native extension for WindowsStandalone target not found
Refreshing native plugins compatible for Editor in 0.21 ms, found 0 plugins.
Preloading 0 native plugins for Editor in 0.00 ms.
Mono: successfully reloaded assembly
- Completed reload, in  0.560 seconds
Platform modules already initialized, skipping
Switching build target platform(5) subTarget(0) extendedPlatform(0) -> platform(13) subTarget(537395200) extendedPlatform(0)
Refreshing native plugins compatible for Editor in 0.18 ms, found 0 plugins.
Preloading 0 native plugins for Editor in 0.00 ms.
Unloading 1131 Unused Serialized files (Serialized files now loaded: 0)
System memory in use before: 60.1 MB.
System memory in use after: 60.2 MB.

Unloading 4 unused Assets to reduce memory usage. Loaded Objects now: 1626.
Total: 1.463000 ms (FindLiveObjects: 0.140700 ms CreateObjectMapping: 0.039600 ms MarkObjects: 1.268800 ms  DeleteObjects: 0.013100 ms)

AssetImportParameters requested are different than current active one (requested -> active):
  custom:graphics/normal-map-encoding: 01000000000000000000000000000000 -> 02000000000000000000000000000000
========================================================================
Received Prepare
Registering precompiled user dll's ...
Registered in 0.000354 seconds.
Begin MonoManager ReloadAssembly
Native extension for WindowsStandalone target not found
Refreshing native plugins compatible for Editor in 0.21 ms, found 0 plugins.
Preloading 0 native plugins for Editor in 0.00 ms.
Mono: successfully reloaded assembly
- Completed reload, in  0.555 seconds
Platform modules already initialized, skipping
Switching build target platform(5) subTarget(0) extendedPlatform(0) -> platform(13) subTarget(537395200) extendedPlatform(0)
Refreshing native plugins compatible for Editor in 0.16 ms, found 0 plugins.
Preloading 0 native plugins for Editor in 0.00 ms.
Unloading 1131 Unused Serialized files (Serialized files now loaded: 0)
System memory in use before: 60.1 MB.
System memory in use after: 60.2 MB.

Unloading 4 unused Assets to reduce memory usage. Loaded Objects now: 1629.
Total: 1.415900 ms (FindLiveObjects: 0.138300 ms CreateObjectMapping: 0.026900 ms MarkObjects: 1.237800 ms  DeleteObjects: 0.012100 ms)

AssetImportParameters requested are different than current active one (requested -> active):
  custom:graphics/normal-map-encoding: 01000000000000000000000000000000 -> 02000000000000000000000000000000
========================================================================
Received Prepare
Registering precompiled user dll's ...
Registered in 0.000419 seconds.
Begin MonoManager ReloadAssembly
Native extension for WindowsStandalone target not found
Refreshing native plugins compatible for Editor in 0.21 ms, found 0 plugins.
Preloading 0 native plugins for Editor in 0.00 ms.
Mono: successfully reloaded assembly
- Completed reload, in  0.563 seconds
Platform modules already initialized, skipping
Switching build target platform(5) subTarget(0) extendedPlatform(0) -> platform(13) subTarget(537395200) extendedPlatform(0)
Refreshing native plugins compatible for Editor in 0.10 ms, found 0 plugins.
Preloading 0 native plugins for Editor in 0.00 ms.
Unloading 1131 Unused Serialized files (Serialized files now loaded: 0)
System memory in use before: 60.1 MB.
System memory in use after: 60.2 MB.

Unloading 4 unused Assets to reduce memory usage. Loaded Objects now: 1632.
Total: 1.469600 ms (FindLiveObjects: 0.152000 ms CreateObjectMapping: 0.030700 ms MarkObjects: 1.277500 ms  DeleteObjects: 0.008500 ms)

AssetImportParameters requested are different than current active one (requested -> active):
  custom:graphics/normal-map-encoding: 01000000000000000000000000000000 -> 02000000000000000000000000000000
========================================================================
Received Prepare
Registering precompiled user dll's ...
Registered in 0.000425 seconds.
Begin MonoManager ReloadAssembly
Native extension for WindowsStandalone target not found
Refreshing native plugins compatible for Editor in 0.21 ms, found 0 plugins.
Preloading 0 native plugins for Editor in 0.00 ms.
Mono: successfully reloaded assembly
- Completed reload, in  0.566 seconds
Platform modules already initialized, skipping
Switching build target platform(5) subTarget(0) extendedPlatform(0) -> platform(13) subTarget(537395200) extendedPlatform(0)
Refreshing native plugins compatible for Editor in 0.10 ms, found 0 plugins.
Preloading 0 native plugins for Editor in 0.00 ms.
Unloading 1131 Unused Serialized files (Serialized files now loaded: 0)
System memory in use before: 60.1 MB.
System memory in use after: 60.2 MB.

Unloading 4 unused Assets to reduce memory usage. Loaded Objects now: 1635.
Total: 1.421400 ms (FindLiveObjects: 0.138700 ms CreateObjectMapping: 0.029000 ms MarkObjects: 1.243000 ms  DeleteObjects: 0.010100 ms)

AssetImportParameters requested are different than current active one (requested -> active):
  custom:graphics/normal-map-encoding: 01000000000000000000000000000000 -> 02000000000000000000000000000000
========================================================================
Received Import Request.
  Time since last request: 3993.052073 seconds.
  path: Assets/Scripts/Game/Battle/FieldSlot.cs
  artifactKey: Guid(a2e12a1a52ef77e498d8038214200279) Importer(815301076,1909f56bfc062723c751e8b465ee728b)
Start importing Assets/Scripts/Game/Battle/FieldSlot.cs using Guid(a2e12a1a52ef77e498d8038214200279) Importer(815301076,1909f56bfc062723c751e8b465ee728b)  -> (artifact id: '8c61b1b4366deff10cc2d1dfe5c2ee2c') in 0.006395 seconds
  Import took 0.008117 seconds .

========================================================================
Received Import Request.
  Time since last request: 0.019676 seconds.
  path: Assets/Scripts/Game/Battle/FieldSlot.cs
  artifactKey: Guid(a2e12a1a52ef77e498d8038214200279) Importer(815301076,1909f56bfc062723c751e8b465ee728b)
Start importing Assets/Scripts/Game/Battle/FieldSlot.cs using Guid(a2e12a1a52ef77e498d8038214200279) Importer(815301076,1909f56bfc062723c751e8b465ee728b)  -> (artifact id: '8c61b1b4366deff10cc2d1dfe5c2ee2c') in 0.001520 seconds
  Import took 0.003024 seconds .

========================================================================
Received Prepare
Registering precompiled user dll's ...
Registered in 0.000383 seconds.
Begin MonoManager ReloadAssembly
Native extension for WindowsStandalone target not found
Refreshing native plugins compatible for Editor in 0.21 ms, found 0 plugins.
Preloading 0 native plugins for Editor in 0.00 ms.
Mono: successfully reloaded assembly
- Completed reload, in  0.564 seconds
Platform modules already initialized, skipping
Switching build target platform(5) subTarget(0) extendedPlatform(0) -> platform(13) subTarget(537395200) extendedPlatform(0)
Refreshing native plugins compatible for Editor in 0.10 ms, found 0 plugins.
Preloading 0 native plugins for Editor in 0.00 ms.
Unloading 1131 Unused Serialized files (Serialized files now loaded: 0)
System memory in use before: 60.1 MB.
System memory in use after: 60.2 MB.

Unloading 4 unused Assets to reduce memory usage. Loaded Objects now: 1638.
Total: 1.353000 ms (FindLiveObjects: 0.137600 ms CreateObjectMapping: 0.033000 ms MarkObjects: 1.173200 ms  DeleteObjects: 0.008400 ms)

AssetImportParameters requested are different than current active one (requested -> active):
  custom:graphics/normal-map-encoding: 01000000000000000000000000000000 -> 02000000000000000000000000000000
========================================================================
Received Import Request.
  Time since last request: 647.306078 seconds.
  path: Assets/Scripts/Game/Battle/FieldSlot.cs
  artifactKey: Guid(a2e12a1a52ef77e498d8038214200279) Importer(815301076,1909f56bfc062723c751e8b465ee728b)
Start importing Assets/Scripts/Game/Battle/FieldSlot.cs using Guid(a2e12a1a52ef77e498d8038214200279) Importer(815301076,1909f56bfc062723c751e8b465ee728b)  -> (artifact id: '66c06fde306f477577c7c7af6799bfd4') in 0.003108 seconds
  Import took 0.004511 seconds .

========================================================================
Received Prepare
Registering precompiled user dll's ...
Registered in 0.000418 seconds.
Begin MonoManager ReloadAssembly
Native extension for WindowsStandalone target not found
Refreshing native plugins compatible for Editor in 0.22 ms, found 0 plugins.
Preloading 0 native plugins for Editor in 0.00 ms.
Mono: successfully reloaded assembly
- Completed reload, in  0.583 seconds
Platform modules already initialized, skipping
Switching build target platform(5) subTarget(0) extendedPlatform(0) -> platform(13) subTarget(537395200) extendedPlatform(0)
Refreshing native plugins compatible for Editor in 0.16 ms, found 0 plugins.
Preloading 0 native plugins for Editor in 0.00 ms.
Unloading 1131 Unused Serialized files (Serialized files now loaded: 0)
System memory in use before: 60.1 MB.
System memory in use after: 60.2 MB.

Unloading 4 unused Assets to reduce memory usage. Loaded Objects now: 1641.
Total: 1.365800 ms (FindLiveObjects: 0.137000 ms CreateObjectMapping: 0.033000 ms MarkObjects: 1.184300 ms  DeleteObjects: 0.010400 ms)

AssetImportParameters requested are different than current active one (requested -> active):
  custom:graphics/normal-map-encoding: 01000000000000000000000000000000 -> 02000000000000000000000000000000
========================================================================
Received Prepare
Registering precompiled user dll's ...
Registered in 0.000387 seconds.
Begin MonoManager ReloadAssembly
Native extension for WindowsStandalone target not found
Refreshing native plugins compatible for Editor in 0.22 ms, found 0 plugins.
Preloading 0 native plugins for Editor in 0.00 ms.
Mono: successfully reloaded assembly
- Completed reload, in  0.596 seconds
Platform modules already initialized, skipping
Switching build target platform(5) subTarget(0) extendedPlatform(0) -> platform(13) subTarget(537395200) extendedPlatform(0)
Refreshing native plugins compatible for Editor in 0.15 ms, found 0 plugins.
Preloading 0 native plugins for Editor in 0.00 ms.
Unloading 1131 Unused Serialized files (Serialized files now loaded: 0)
System memory in use before: 60.1 MB.
System memory in use after: 60.2 MB.

Unloading 4 unused Assets to reduce memory usage. Loaded Objects now: 1644.
Total: 1.370100 ms (FindLiveObjects: 0.129500 ms CreateObjectMapping: 0.026300 ms MarkObjects: 1.204600 ms  DeleteObjects: 0.009000 ms)

AssetImportParameters requested are different than current active one (requested -> active):
  custom:graphics/normal-map-encoding: 01000000000000000000000000000000 -> 02000000000000000000000000000000
========================================================================
Received Import Request.
  Time since last request: 458.392423 seconds.
  path: Assets/Scripts/Game/Battle/FieldSlot.cs
  artifactKey: Guid(a2e12a1a52ef77e498d8038214200279) Importer(815301076,1909f56bfc062723c751e8b465ee728b)
Start importing Assets/Scripts/Game/Battle/FieldSlot.cs using Guid(a2e12a1a52ef77e498d8038214200279) Importer(815301076,1909f56bfc062723c751e8b465ee728b)  -> (artifact id: 'd4ae9bd280e046a92cf499af7b1054cb') in 0.004891 seconds
  Import took 0.006468 seconds .

========================================================================
Received Prepare
Registering precompiled user dll's ...
Registered in 0.000381 seconds.
Begin MonoManager ReloadAssembly
Native extension for WindowsStandalone target not found
Refreshing native plugins compatible for Editor in 0.22 ms, found 0 plugins.
Preloading 0 native plugins for Editor in 0.00 ms.
Mono: successfully reloaded assembly
- Completed reload, in  0.586 seconds
Platform modules already initialized, skipping
Switching build target platform(5) subTarget(0) extendedPlatform(0) -> platform(13) subTarget(537395200) extendedPlatform(0)
Refreshing native plugins compatible for Editor in 0.18 ms, found 0 plugins.
Preloading 0 native plugins for Editor in 0.00 ms.
Unloading 1131 Unused Serialized files (Serialized files now loaded: 0)
System memory in use before: 60.1 MB.
System memory in use after: 60.2 MB.

Unloading 4 unused Assets to reduce memory usage. Loaded Objects now: 1647.
Total: 1.495300 ms (FindLiveObjects: 0.138400 ms CreateObjectMapping: 0.034200 ms MarkObjects: 1.312600 ms  DeleteObjects: 0.009300 ms)

AssetImportParameters requested are different than current active one (requested -> active):
  custom:graphics/normal-map-encoding: 01000000000000000000000000000000 -> 02000000000000000000000000000000
========================================================================
Received Prepare
Registering precompiled user dll's ...
Registered in 0.000375 seconds.
Begin MonoManager ReloadAssembly
Native extension for WindowsStandalone target not found
Refreshing native plugins compatible for Editor in 0.22 ms, found 0 plugins.
Preloading 0 native plugins for Editor in 0.00 ms.
Mono: successfully reloaded assembly
- Completed reload, in  0.603 seconds
Platform modules already initialized, skipping
Switching build target platform(5) subTarget(0) extendedPlatform(0) -> platform(13) subTarget(537395200) extendedPlatform(0)
Refreshing native plugins compatible for Editor in 0.10 ms, found 0 plugins.
Preloading 0 native plugins for Editor in 0.00 ms.
Unloading 1131 Unused Serialized files (Serialized files now loaded: 0)
System memory in use before: 60.2 MB.
System memory in use after: 60.2 MB.

Unloading 4 unused Assets to reduce memory usage. Loaded Objects now: 1650.
Total: 1.510600 ms (FindLiveObjects: 0.131300 ms CreateObjectMapping: 0.038200 ms MarkObjects: 1.327200 ms  DeleteObjects: 0.013000 ms)

AssetImportParameters requested are different than current active one (requested -> active):
  custom:graphics/normal-map-encoding: 01000000000000000000000000000000 -> 02000000000000000000000000000000
========================================================================
Received Import Request.
  Time since last request: 118.904760 seconds.
  path: Assets/Scripts/Game/Battle/FieldSlot.cs
  artifactKey: Guid(a2e12a1a52ef77e498d8038214200279) Importer(815301076,1909f56bfc062723c751e8b465ee728b)
Start importing Assets/Scripts/Game/Battle/FieldSlot.cs using Guid(a2e12a1a52ef77e498d8038214200279) Importer(815301076,1909f56bfc062723c751e8b465ee728b)  -> (artifact id: 'f83dfc8b9098fe0088c351b2d09df9ac') in 0.003038 seconds
  Import took 0.004505 seconds .

========================================================================
Received Prepare
Registering precompiled user dll's ...
Registered in 0.000427 seconds.
Begin MonoManager ReloadAssembly
Native extension for WindowsStandalone target not found
Refreshing native plugins compatible for Editor in 0.22 ms, found 0 plugins.
Preloading 0 native plugins for Editor in 0.00 ms.
Mono: successfully reloaded assembly
- Completed reload, in  0.617 seconds
Platform modules already initialized, skipping
Switching build target platform(5) subTarget(0) extendedPlatform(0) -> platform(13) subTarget(537395200) extendedPlatform(0)
Refreshing native plugins compatible for Editor in 0.19 ms, found 0 plugins.
Preloading 0 native plugins for Editor in 0.00 ms.
Unloading 1131 Unused Serialized files (Serialized files now loaded: 0)
System memory in use before: 60.2 MB.
System memory in use after: 60.3 MB.

Unloading 4 unused Assets to reduce memory usage. Loaded Objects now: 1653.
Total: 1.524300 ms (FindLiveObjects: 0.160700 ms CreateObjectMapping: 0.034200 ms MarkObjects: 1.317500 ms  DeleteObjects: 0.011200 ms)

AssetImportParameters requested are different than current active one (requested -> active):
  custom:graphics/normal-map-encoding: 01000000000000000000000000000000 -> 02000000000000000000000000000000
========================================================================
Received Prepare
Registering precompiled user dll's ...
Registered in 0.000406 seconds.
Begin MonoManager ReloadAssembly
Native extension for WindowsStandalone target not found
Refreshing native plugins compatible for Editor in 0.20 ms, found 0 plugins.
Preloading 0 native plugins for Editor in 0.00 ms.
Mono: successfully reloaded assembly
- Completed reload, in  0.599 seconds
Platform modules already initialized, skipping
Switching build target platform(5) subTarget(0) extendedPlatform(0) -> platform(13) subTarget(537395200) extendedPlatform(0)
Refreshing native plugins compatible for Editor in 0.16 ms, found 0 plugins.
Preloading 0 native plugins for Editor in 0.00 ms.
Unloading 1131 Unused Serialized files (Serialized files now loaded: 0)
System memory in use before: 60.2 MB.
System memory in use after: 60.3 MB.

Unloading 4 unused Assets to reduce memory usage. Loaded Objects now: 1656.
Total: 1.537700 ms (FindLiveObjects: 0.164800 ms CreateObjectMapping: 0.037500 ms MarkObjects: 1.320300 ms  DeleteObjects: 0.014300 ms)

AssetImportParameters requested are different than current active one (requested -> active):
  custom:graphics/normal-map-encoding: 01000000000000000000000000000000 -> 02000000000000000000000000000000
========================================================================
Received Prepare
Registering precompiled user dll's ...
Registered in 0.000420 seconds.
Begin MonoManager ReloadAssembly
Native extension for WindowsStandalone target not found
Refreshing native plugins compatible for Editor in 0.21 ms, found 0 plugins.
Preloading 0 native plugins for Editor in 0.00 ms.
Mono: successfully reloaded assembly
- Completed reload, in  0.597 seconds
Platform modules already initialized, skipping
Switching build target platform(5) subTarget(0) extendedPlatform(0) -> platform(13) subTarget(537395200) extendedPlatform(0)
Refreshing native plugins compatible for Editor in 0.15 ms, found 0 plugins.
Preloading 0 native plugins for Editor in 0.00 ms.
Unloading 1131 Unused Serialized files (Serialized files now loaded: 0)
System memory in use before: 60.2 MB.
System memory in use after: 60.3 MB.

Unloading 4 unused Assets to reduce memory usage. Loaded Objects now: 1659.
Total: 1.375000 ms (FindLiveObjects: 0.157600 ms CreateObjectMapping: 0.037400 ms MarkObjects: 1.171000 ms  DeleteObjects: 0.008400 ms)

AssetImportParameters requested are different than current active one (requested -> active):
  custom:graphics/normal-map-encoding: 01000000000000000000000000000000 -> 02000000000000000000000000000000
========================================================================
Received Import Request.
  Time since last request: 304.057319 seconds.
  path: Assets/WBTTools/Singleton.cs
  artifactKey: Guid(db890ad5f44413445aed7720f0a86730) Importer(815301076,1909f56bfc062723c751e8b465ee728b)
Start importing Assets/WBTTools/Singleton.cs using Guid(db890ad5f44413445aed7720f0a86730) Importer(815301076,1909f56bfc062723c751e8b465ee728b)  -> (artifact id: '33a79c74d6e8b6085c6f40e0c12c1d75') in 0.006406 seconds
  Import took 0.008171 seconds .

========================================================================
Received Prepare
Registering precompiled user dll's ...
Registered in 0.000411 seconds.
Begin MonoManager ReloadAssembly
Native extension for WindowsStandalone target not found
Refreshing native plugins compatible for Editor in 0.22 ms, found 0 plugins.
Preloading 0 native plugins for Editor in 0.00 ms.
Mono: successfully reloaded assembly
- Completed reload, in  0.605 seconds
Platform modules already initialized, skipping
Switching build target platform(5) subTarget(0) extendedPlatform(0) -> platform(13) subTarget(537395200) extendedPlatform(0)
Refreshing native plugins compatible for Editor in 0.19 ms, found 0 plugins.
Preloading 0 native plugins for Editor in 0.00 ms.
Unloading 1131 Unused Serialized files (Serialized files now loaded: 0)
System memory in use before: 60.2 MB.
System memory in use after: 60.3 MB.

Unloading 4 unused Assets to reduce memory usage. Loaded Objects now: 1662.
Total: 1.550800 ms (FindLiveObjects: 0.154300 ms CreateObjectMapping: 0.032900 ms MarkObjects: 1.348900 ms  DeleteObjects: 0.013800 ms)

AssetImportParameters requested are different than current active one (requested -> active):
  custom:graphics/normal-map-encoding: 01000000000000000000000000000000 -> 02000000000000000000000000000000
========================================================================
Received Prepare
Registering precompiled user dll's ...
Registered in 0.000379 seconds.
Begin MonoManager ReloadAssembly
Native extension for WindowsStandalone target not found
Refreshing native plugins compatible for Editor in 0.21 ms, found 0 plugins.
Preloading 0 native plugins for Editor in 0.00 ms.
Mono: successfully reloaded assembly
- Completed reload, in  0.600 seconds
Platform modules already initialized, skipping
Switching build target platform(5) subTarget(0) extendedPlatform(0) -> platform(13) subTarget(537395200) extendedPlatform(0)
Refreshing native plugins compatible for Editor in 0.13 ms, found 0 plugins.
Preloading 0 native plugins for Editor in 0.00 ms.
Unloading 1131 Unused Serialized files (Serialized files now loaded: 0)
System memory in use before: 60.2 MB.
System memory in use after: 60.3 MB.

Unloading 4 unused Assets to reduce memory usage. Loaded Objects now: 1665.
Total: 1.362000 ms (FindLiveObjects: 0.135400 ms CreateObjectMapping: 0.033800 ms MarkObjects: 1.182800 ms  DeleteObjects: 0.009600 ms)

AssetImportParameters requested are different than current active one (requested -> active):
  custom:graphics/normal-map-encoding: 01000000000000000000000000000000 -> 02000000000000000000000000000000
========================================================================
Received Prepare
Registering precompiled user dll's ...
Registered in 0.000356 seconds.
Begin MonoManager ReloadAssembly
Native extension for WindowsStandalone target not found
Refreshing native plugins compatible for Editor in 0.21 ms, found 0 plugins.
Preloading 0 native plugins for Editor in 0.00 ms.
Mono: successfully reloaded assembly
- Completed reload, in  0.625 seconds
Platform modules already initialized, skipping
Switching build target platform(5) subTarget(0) extendedPlatform(0) -> platform(13) subTarget(537395200) extendedPlatform(0)
Refreshing native plugins compatible for Editor in 0.18 ms, found 0 plugins.
Preloading 0 native plugins for Editor in 0.00 ms.
Unloading 1131 Unused Serialized files (Serialized files now loaded: 0)
System memory in use before: 60.2 MB.
System memory in use after: 60.3 MB.

Unloading 4 unused Assets to reduce memory usage. Loaded Objects now: 1668.
Total: 1.408700 ms (FindLiveObjects: 0.152300 ms CreateObjectMapping: 0.028500 ms MarkObjects: 1.214500 ms  DeleteObjects: 0.012700 ms)

AssetImportParameters requested are different than current active one (requested -> active):
  custom:graphics/normal-map-encoding: 01000000000000000000000000000000 -> 02000000000000000000000000000000
========================================================================
Received Prepare
Registering precompiled user dll's ...
Registered in 0.000389 seconds.
Begin MonoManager ReloadAssembly
Native extension for WindowsStandalone target not found
Refreshing native plugins compatible for Editor in 0.22 ms, found 0 plugins.
Preloading 0 native plugins for Editor in 0.00 ms.
Mono: successfully reloaded assembly
- Completed reload, in  0.628 seconds
Platform modules already initialized, skipping
Switching build target platform(5) subTarget(0) extendedPlatform(0) -> platform(13) subTarget(537395200) extendedPlatform(0)
Refreshing native plugins compatible for Editor in 0.17 ms, found 0 plugins.
Preloading 0 native plugins for Editor in 0.00 ms.
Unloading 1131 Unused Serialized files (Serialized files now loaded: 0)
System memory in use before: 60.2 MB.
System memory in use after: 60.3 MB.

Unloading 4 unused Assets to reduce memory usage. Loaded Objects now: 1671.
Total: 1.463200 ms (FindLiveObjects: 0.141300 ms CreateObjectMapping: 0.027000 ms MarkObjects: 1.281900 ms  DeleteObjects: 0.012100 ms)

AssetImportParameters requested are different than current active one (requested -> active):
  custom:graphics/normal-map-encoding: 01000000000000000000000000000000 -> 02000000000000000000000000000000
========================================================================
Received Prepare
Registering precompiled user dll's ...
Registered in 0.000456 seconds.
Begin MonoManager ReloadAssembly
Native extension for WindowsStandalone target not found
Refreshing native plugins compatible for Editor in 0.21 ms, found 0 plugins.
Preloading 0 native plugins for Editor in 0.00 ms.
Mono: successfully reloaded assembly
- Completed reload, in  0.633 seconds
Platform modules already initialized, skipping
Switching build target platform(5) subTarget(0) extendedPlatform(0) -> platform(13) subTarget(537395200) extendedPlatform(0)
Refreshing native plugins compatible for Editor in 0.19 ms, found 0 plugins.
Preloading 0 native plugins for Editor in 0.00 ms.
Unloading 1131 Unused Serialized files (Serialized files now loaded: 0)
System memory in use before: 60.2 MB.
System memory in use after: 60.3 MB.

Unloading 4 unused Assets to reduce memory usage. Loaded Objects now: 1674.
Total: 1.620100 ms (FindLiveObjects: 0.138500 ms CreateObjectMapping: 0.024600 ms MarkObjects: 1.443700 ms  DeleteObjects: 0.012400 ms)

AssetImportParameters requested are different than current active one (requested -> active):
  custom:graphics/normal-map-encoding: 01000000000000000000000000000000 -> 02000000000000000000000000000000
========================================================================
Received Prepare
Registering precompiled user dll's ...
Registered in 0.000406 seconds.
Begin MonoManager ReloadAssembly
Native extension for WindowsStandalone target not found
Refreshing native plugins compatible for Editor in 0.21 ms, found 0 plugins.
Preloading 0 native plugins for Editor in 0.00 ms.
Mono: successfully reloaded assembly
- Completed reload, in  0.662 seconds
Platform modules already initialized, skipping
Switching build target platform(5) subTarget(0) extendedPlatform(0) -> platform(13) subTarget(537395200) extendedPlatform(0)
Refreshing native plugins compatible for Editor in 0.18 ms, found 0 plugins.
Preloading 0 native plugins for Editor in 0.00 ms.
Unloading 1131 Unused Serialized files (Serialized files now loaded: 0)
System memory in use before: 60.2 MB.
System memory in use after: 60.3 MB.

Unloading 4 unused Assets to reduce memory usage. Loaded Objects now: 1677.
Total: 1.413100 ms (FindLiveObjects: 0.153400 ms CreateObjectMapping: 0.031900 ms MarkObjects: 1.217000 ms  DeleteObjects: 0.010100 ms)

AssetImportParameters requested are different than current active one (requested -> active):
  custom:graphics/normal-map-encoding: 01000000000000000000000000000000 -> 02000000000000000000000000000000
========================================================================
Received Prepare
Registering precompiled user dll's ...
Registered in 0.000383 seconds.
Begin MonoManager ReloadAssembly
Native extension for WindowsStandalone target not found
Refreshing native plugins compatible for Editor in 0.21 ms, found 0 plugins.
Preloading 0 native plugins for Editor in 0.00 ms.
Mono: successfully reloaded assembly
- Completed reload, in  0.655 seconds
Platform modules already initialized, skipping
Switching build target platform(5) subTarget(0) extendedPlatform(0) -> platform(13) subTarget(537395200) extendedPlatform(0)
Refreshing native plugins compatible for Editor in 0.20 ms, found 0 plugins.
Preloading 0 native plugins for Editor in 0.00 ms.
Unloading 1131 Unused Serialized files (Serialized files now loaded: 0)
System memory in use before: 60.2 MB.
System memory in use after: 60.3 MB.

Unloading 4 unused Assets to reduce memory usage. Loaded Objects now: 1680.
Total: 1.747600 ms (FindLiveObjects: 0.152300 ms CreateObjectMapping: 0.054600 ms MarkObjects: 1.527400 ms  DeleteObjects: 0.012500 ms)

AssetImportParameters requested are different than current active one (requested -> active):
  custom:graphics/normal-map-encoding: 01000000000000000000000000000000 -> 02000000000000000000000000000000
========================================================================
Received Prepare
Registering precompiled user dll's ...
Registered in 0.000461 seconds.
Begin MonoManager ReloadAssembly
Native extension for WindowsStandalone target not found
Refreshing native plugins compatible for Editor in 0.21 ms, found 0 plugins.
Preloading 0 native plugins for Editor in 0.00 ms.
Mono: successfully reloaded assembly
- Completed reload, in  0.652 seconds
Platform modules already initialized, skipping
Switching build target platform(5) subTarget(0) extendedPlatform(0) -> platform(13) subTarget(537395200) extendedPlatform(0)
Refreshing native plugins compatible for Editor in 0.17 ms, found 0 plugins.
Preloading 0 native plugins for Editor in 0.00 ms.
Unloading 1131 Unused Serialized files (Serialized files now loaded: 0)
System memory in use before: 60.2 MB.
System memory in use after: 60.3 MB.

Unloading 4 unused Assets to reduce memory usage. Loaded Objects now: 1683.
Total: 1.474100 ms (FindLiveObjects: 0.147300 ms CreateObjectMapping: 0.033800 ms MarkObjects: 1.282700 ms  DeleteObjects: 0.009700 ms)

AssetImportParameters requested are different than current active one (requested -> active):
  custom:graphics/normal-map-encoding: 01000000000000000000000000000000 -> 02000000000000000000000000000000
========================================================================
Received Prepare
Registering precompiled user dll's ...
Registered in 0.000391 seconds.
Begin MonoManager ReloadAssembly
Native extension for WindowsStandalone target not found
Refreshing native plugins compatible for Editor in 0.21 ms, found 0 plugins.
Preloading 0 native plugins for Editor in 0.00 ms.
Mono: successfully reloaded assembly
- Completed reload, in  0.644 seconds
Platform modules already initialized, skipping
Switching build target platform(5) subTarget(0) extendedPlatform(0) -> platform(13) subTarget(537395200) extendedPlatform(0)
Refreshing native plugins compatible for Editor in 0.19 ms, found 0 plugins.
Preloading 0 native plugins for Editor in 0.00 ms.
Unloading 1131 Unused Serialized files (Serialized files now loaded: 0)
System memory in use before: 60.2 MB.
System memory in use after: 60.3 MB.

Unloading 4 unused Assets to reduce memory usage. Loaded Objects now: 1686.
Total: 1.365800 ms (FindLiveObjects: 0.185500 ms CreateObjectMapping: 0.026700 ms MarkObjects: 1.141800 ms  DeleteObjects: 0.010500 ms)

AssetImportParameters requested are different than current active one (requested -> active):
  custom:graphics/normal-map-encoding: 01000000000000000000000000000000 -> 02000000000000000000000000000000
========================================================================
Received Prepare
Registering precompiled user dll's ...
Registered in 0.000437 seconds.
Begin MonoManager ReloadAssembly
Native extension for WindowsStandalone target not found
Refreshing native plugins compatible for Editor in 0.22 ms, found 0 plugins.
Preloading 0 native plugins for Editor in 0.00 ms.
Mono: successfully reloaded assembly
- Completed reload, in  0.649 seconds
Platform modules already initialized, skipping
Switching build target platform(5) subTarget(0) extendedPlatform(0) -> platform(13) subTarget(537395200) extendedPlatform(0)
Refreshing native plugins compatible for Editor in 0.18 ms, found 0 plugins.
Preloading 0 native plugins for Editor in 0.00 ms.
Unloading 1131 Unused Serialized files (Serialized files now loaded: 0)
System memory in use before: 60.2 MB.
System memory in use after: 60.3 MB.

Unloading 4 unused Assets to reduce memory usage. Loaded Objects now: 1689.
Total: 1.572900 ms (FindLiveObjects: 0.153800 ms CreateObjectMapping: 0.028500 ms MarkObjects: 1.378700 ms  DeleteObjects: 0.011400 ms)

AssetImportParameters requested are different than current active one (requested -> active):
  custom:graphics/normal-map-encoding: 01000000000000000000000000000000 -> 02000000000000000000000000000000
========================================================================
Received Prepare
Registering precompiled user dll's ...
Registered in 0.000379 seconds.
Begin MonoManager ReloadAssembly
Native extension for WindowsStandalone target not found
Refreshing native plugins compatible for Editor in 0.22 ms, found 0 plugins.
Preloading 0 native plugins for Editor in 0.00 ms.
Mono: successfully reloaded assembly
- Completed reload, in  0.648 seconds
Platform modules already initialized, skipping
Switching build target platform(5) subTarget(0) extendedPlatform(0) -> platform(13) subTarget(537395200) extendedPlatform(0)
Refreshing native plugins compatible for Editor in 0.14 ms, found 0 plugins.
Preloading 0 native plugins for Editor in 0.00 ms.
Unloading 1131 Unused Serialized files (Serialized files now loaded: 0)
System memory in use before: 60.2 MB.
System memory in use after: 60.3 MB.

Unloading 4 unused Assets to reduce memory usage. Loaded Objects now: 1692.
Total: 1.423600 ms (FindLiveObjects: 0.137100 ms CreateObjectMapping: 0.033400 ms MarkObjects: 1.241700 ms  DeleteObjects: 0.011000 ms)

AssetImportParameters requested are different than current active one (requested -> active):
  custom:graphics/normal-map-encoding: 01000000000000000000000000000000 -> 02000000000000000000000000000000
========================================================================
Received Prepare
Registering precompiled user dll's ...
Registered in 0.000379 seconds.
Begin MonoManager ReloadAssembly
Native extension for WindowsStandalone target not found
Refreshing native plugins compatible for Editor in 0.21 ms, found 0 plugins.
Preloading 0 native plugins for Editor in 0.00 ms.
Mono: successfully reloaded assembly
- Completed reload, in  0.670 seconds
Platform modules already initialized, skipping
Switching build target platform(5) subTarget(0) extendedPlatform(0) -> platform(13) subTarget(537395200) extendedPlatform(0)
Refreshing native plugins compatible for Editor in 0.10 ms, found 0 plugins.
Preloading 0 native plugins for Editor in 0.00 ms.
Unloading 1131 Unused Serialized files (Serialized files now loaded: 0)
System memory in use before: 60.2 MB.
System memory in use after: 60.3 MB.

Unloading 4 unused Assets to reduce memory usage. Loaded Objects now: 1695.
Total: 1.480000 ms (FindLiveObjects: 0.130300 ms CreateObjectMapping: 0.037700 ms MarkObjects: 1.302600 ms  DeleteObjects: 0.008800 ms)

AssetImportParameters requested are different than current active one (requested -> active):
  custom:graphics/normal-map-encoding: 01000000000000000000000000000000 -> 02000000000000000000000000000000
========================================================================
Received Prepare
Registering precompiled user dll's ...
Registered in 0.000365 seconds.
Begin MonoManager ReloadAssembly
Native extension for WindowsStandalone target not found
Refreshing native plugins compatible for Editor in 0.21 ms, found 0 plugins.
Preloading 0 native plugins for Editor in 0.00 ms.
Mono: successfully reloaded assembly
- Completed reload, in  0.656 seconds
Platform modules already initialized, skipping
Switching build target platform(5) subTarget(0) extendedPlatform(0) -> platform(13) subTarget(537395200) extendedPlatform(0)
Refreshing native plugins compatible for Editor in 0.12 ms, found 0 plugins.
Preloading 0 native plugins for Editor in 0.00 ms.
Unloading 1131 Unused Serialized files (Serialized files now loaded: 0)
System memory in use before: 60.2 MB.
System memory in use after: 60.3 MB.

Unloading 4 unused Assets to reduce memory usage. Loaded Objects now: 1698.
Total: 1.413500 ms (FindLiveObjects: 0.136900 ms CreateObjectMapping: 0.033700 ms MarkObjects: 1.234100 ms  DeleteObjects: 0.008100 ms)

AssetImportParameters requested are different than current active one (requested -> active):
  custom:graphics/normal-map-encoding: 01000000000000000000000000000000 -> 02000000000000000000000000000000
========================================================================
Received Prepare
Registering precompiled user dll's ...
Registered in 0.000392 seconds.
Begin MonoManager ReloadAssembly
Native extension for WindowsStandalone target not found
Refreshing native plugins compatible for Editor in 0.22 ms, found 0 plugins.
Preloading 0 native plugins for Editor in 0.00 ms.
Mono: successfully reloaded assembly
- Completed reload, in  0.660 seconds
Platform modules already initialized, skipping
Switching build target platform(5) subTarget(0) extendedPlatform(0) -> platform(13) subTarget(537395200) extendedPlatform(0)
Refreshing native plugins compatible for Editor in 0.19 ms, found 0 plugins.
Preloading 0 native plugins for Editor in 0.00 ms.
Unloading 1131 Unused Serialized files (Serialized files now loaded: 0)
System memory in use before: 60.2 MB.
System memory in use after: 60.3 MB.

Unloading 4 unused Assets to reduce memory usage. Loaded Objects now: 1701.
Total: 1.408600 ms (FindLiveObjects: 0.140300 ms CreateObjectMapping: 0.031200 ms MarkObjects: 1.226800 ms  DeleteObjects: 0.009800 ms)

AssetImportParameters requested are different than current active one (requested -> active):
  custom:graphics/normal-map-encoding: 01000000000000000000000000000000 -> 02000000000000000000000000000000
========================================================================
Received Prepare
Registering precompiled user dll's ...
Registered in 0.000397 seconds.
Begin MonoManager ReloadAssembly
Native extension for WindowsStandalone target not found
Refreshing native plugins compatible for Editor in 0.21 ms, found 0 plugins.
Preloading 0 native plugins for Editor in 0.00 ms.
Mono: successfully reloaded assembly
- Completed reload, in  0.669 seconds
Platform modules already initialized, skipping
Switching build target platform(5) subTarget(0) extendedPlatform(0) -> platform(13) subTarget(537395200) extendedPlatform(0)
Refreshing native plugins compatible for Editor in 0.15 ms, found 0 plugins.
Preloading 0 native plugins for Editor in 0.00 ms.
Unloading 1131 Unused Serialized files (Serialized files now loaded: 0)
System memory in use before: 60.2 MB.
System memory in use after: 60.3 MB.

Unloading 4 unused Assets to reduce memory usage. Loaded Objects now: 1704.
Total: 1.569200 ms (FindLiveObjects: 0.155500 ms CreateObjectMapping: 0.037000 ms MarkObjects: 1.365500 ms  DeleteObjects: 0.010600 ms)

AssetImportParameters requested are different than current active one (requested -> active):
  custom:graphics/normal-map-encoding: 01000000000000000000000000000000 -> 02000000000000000000000000000000
========================================================================
Received Import Request.
  Time since last request: 10833.407784 seconds.
  path: Assets/Resources
  artifactKey: Guid(50b688d8f3b08ee4f86fac4ff04d5c4b) Importer(815301076,1909f56bfc062723c751e8b465ee728b)
Start importing Assets/Resources using Guid(50b688d8f3b08ee4f86fac4ff04d5c4b) Importer(815301076,1909f56bfc062723c751e8b465ee728b)  -> (artifact id: 'cd00e4cd0f79169ba715589abd45416d') in 0.007036 seconds
  Import took 0.008698 seconds .

========================================================================
Received Prepare
Registering precompiled user dll's ...
Registered in 0.000443 seconds.
Begin MonoManager ReloadAssembly
Native extension for WindowsStandalone target not found
Refreshing native plugins compatible for Editor in 0.21 ms, found 0 plugins.
Preloading 0 native plugins for Editor in 0.00 ms.
Mono: successfully reloaded assembly
- Completed reload, in  0.667 seconds
Platform modules already initialized, skipping
Switching build target platform(5) subTarget(0) extendedPlatform(0) -> platform(13) subTarget(537395200) extendedPlatform(0)
Refreshing native plugins compatible for Editor in 0.11 ms, found 0 plugins.
Preloading 0 native plugins for Editor in 0.00 ms.
Unloading 1131 Unused Serialized files (Serialized files now loaded: 0)
System memory in use before: 60.3 MB.
System memory in use after: 60.3 MB.

Unloading 4 unused Assets to reduce memory usage. Loaded Objects now: 1707.
Total: 1.521200 ms (FindLiveObjects: 0.159900 ms CreateObjectMapping: 0.028400 ms MarkObjects: 1.323600 ms  DeleteObjects: 0.008800 ms)

AssetImportParameters requested are different than current active one (requested -> active):
  custom:graphics/normal-map-encoding: 01000000000000000000000000000000 -> 02000000000000000000000000000000
========================================================================
Received Import Request.
  Time since last request: 8.775059 seconds.
  path: Assets/Resources/New Timeline.playable
  artifactKey: Guid(fe44ac2e9c468f447948a5e9ddb78db9) Importer(815301076,1909f56bfc062723c751e8b465ee728b)
Start importing Assets/Resources/New Timeline.playable using Guid(fe44ac2e9c468f447948a5e9ddb78db9) Importer(815301076,1909f56bfc062723c751e8b465ee728b)  -> (artifact id: 'd5bc5806250f3246de8e3778b51b8a27') in 0.013171 seconds
  Import took 0.014846 seconds .

========================================================================
Received Import Request.
  Time since last request: 0.933174 seconds.
  path: Assets/Resources/Circle.png
  artifactKey: Guid(58b580f2d96da894d94eaa44a65e8844) Importer(815301076,1909f56bfc062723c751e8b465ee728b)
Start importing Assets/Resources/Circle.png using Guid(58b580f2d96da894d94eaa44a65e8844) Importer(815301076,1909f56bfc062723c751e8b465ee728b)  -> (artifact id: 'ec7cc26c7fdbd4aaf7c190f1ef547a94') in 0.047434 seconds
  Import took 0.049129 seconds .

========================================================================
Received Import Request.
  Time since last request: 2080.899006 seconds.
  path: ProjectSettings/TagManager.asset
  artifactKey: Guid(00000000000000003000000000000000) Importer(815301076,1909f56bfc062723c751e8b465ee728b)
Start importing ProjectSettings/TagManager.asset using Guid(00000000000000003000000000000000) Importer(815301076,1909f56bfc062723c751e8b465ee728b)  -> (artifact id: '1c037ca2c5e51484f479ce63818a6327') in 0.006367 seconds
  Import took 0.008172 seconds .

========================================================================
Received Import Request.
  Time since last request: 951.245103 seconds.
  path: Assets/Prefabs
  artifactKey: Guid(1779fd5561a0de04da41d6faac135859) Importer(815301076,1909f56bfc062723c751e8b465ee728b)
Start importing Assets/Prefabs using Guid(1779fd5561a0de04da41d6faac135859) Importer(815301076,1909f56bfc062723c751e8b465ee728b)  -> (artifact id: '41b47dadcfe98424874a322a69565c26') in 0.007118 seconds
  Import took 0.008934 seconds .

========================================================================
Received Prepare
Registering precompiled user dll's ...
Registered in 0.000432 seconds.
Begin MonoManager ReloadAssembly
Native extension for WindowsStandalone target not found
Refreshing native plugins compatible for Editor in 0.21 ms, found 0 plugins.
Preloading 0 native plugins for Editor in 0.00 ms.
Mono: successfully reloaded assembly
- Completed reload, in  0.678 seconds
Platform modules already initialized, skipping
Switching build target platform(5) subTarget(0) extendedPlatform(0) -> platform(13) subTarget(537395200) extendedPlatform(0)
Refreshing native plugins compatible for Editor in 0.08 ms, found 0 plugins.
Preloading 0 native plugins for Editor in 0.00 ms.
Unloading 1131 Unused Serialized files (Serialized files now loaded: 0)
System memory in use before: 63.3 MB.
System memory in use after: 63.4 MB.

Unloading 5 unused Assets to reduce memory usage. Loaded Objects now: 1715.
Total: 1.363300 ms (FindLiveObjects: 0.151400 ms CreateObjectMapping: 0.038400 ms MarkObjects: 1.161100 ms  DeleteObjects: 0.011800 ms)

AssetImportParameters requested are different than current active one (requested -> active):
  custom:graphics/normal-map-encoding: 01000000000000000000000000000000 -> 02000000000000000000000000000000
========================================================================
Received Import Request.
  Time since last request: 7.720395 seconds.
  path: Assets/Prefabs/UI
  artifactKey: Guid(66f3a3ffdc2007d438e5e1bd59cd71a2) Importer(815301076,1909f56bfc062723c751e8b465ee728b)
Start importing Assets/Prefabs/UI using Guid(66f3a3ffdc2007d438e5e1bd59cd71a2) Importer(815301076,1909f56bfc062723c751e8b465ee728b)  -> (artifact id: '3a1f9b1cca266785d730b45cfca6e6e8') in 0.006805 seconds
  Import took 0.008561 seconds .

========================================================================
Received Import Request.
  Time since last request: 6.954119 seconds.
  path: Assets/Prefabs/Game
  artifactKey: Guid(e4a0264045f0481488f4296680fc44f6) Importer(815301076,1909f56bfc062723c751e8b465ee728b)
Start importing Assets/Prefabs/Game using Guid(e4a0264045f0481488f4296680fc44f6) Importer(815301076,1909f56bfc062723c751e8b465ee728b)  -> (artifact id: '44241895514f342f37744fdcd94ac44c') in 0.002017 seconds
  Import took 0.003374 seconds .

========================================================================
Received Import Request.
  Time since last request: 6.598861 seconds.
  path: Assets/Prefabs/UI/TestProfileUI.prefab
  artifactKey: Guid(64ddbee4b7ad2d444bb3d7c5b1841c90) Importer(815301076,1909f56bfc062723c751e8b465ee728b)
Start importing Assets/Prefabs/UI/TestProfileUI.prefab using Guid(64ddbee4b7ad2d444bb3d7c5b1841c90) Importer(815301076,1909f56bfc062723c751e8b465ee728b)  -> (artifact id: '865d21fbf8714f41d2e854744ff4908e') in 0.024732 seconds
  Import took 0.026389 seconds .

========================================================================
Received Import Request.
  Time since last request: 0.000220 seconds.
  path: Assets/Prefabs/UI/TestProfileUI.prefab
  artifactKey: Guid(64ddbee4b7ad2d444bb3d7c5b1841c90) Importer(815301076,1909f56bfc062723c751e8b465ee728b)
Start importing Assets/Prefabs/UI/TestProfileUI.prefab using Guid(64ddbee4b7ad2d444bb3d7c5b1841c90) Importer(815301076,1909f56bfc062723c751e8b465ee728b)  -> (artifact id: '865d21fbf8714f41d2e854744ff4908e') in 0.002192 seconds
  Import took 0.003145 seconds .

========================================================================
Received Import Request.
  Time since last request: 15.878860 seconds.
  path: Assets/Prefabs/UI/TimeLineBar.prefab
  artifactKey: Guid(09fb379bc36d85344858e55a73005e40) Importer(815301076,1909f56bfc062723c751e8b465ee728b)
Start importing Assets/Prefabs/UI/TimeLineBar.prefab using Guid(09fb379bc36d85344858e55a73005e40) Importer(815301076,1909f56bfc062723c751e8b465ee728b)  -> (artifact id: 'cb9c7d722ee80d36e4ed08da8f554e76') in 0.005573 seconds
  Import took 0.007277 seconds .

========================================================================
Received Import Request.
  Time since last request: 12.514592 seconds.
  path: Assets/WBTTools
  artifactKey: Guid(45ad91e27f7e2e240bd6bfc47c48a1da) Importer(815301076,1909f56bfc062723c751e8b465ee728b)
Start importing Assets/WBTTools using Guid(45ad91e27f7e2e240bd6bfc47c48a1da) Importer(815301076,1909f56bfc062723c751e8b465ee728b)  -> (artifact id: '3d9f634c401eeff8d4fa85d14fdd8ba9') in 0.004567 seconds
  Import took 0.006243 seconds .

========================================================================
Received Import Request.
  Time since last request: 0.000158 seconds.
  path: Assets/WBTTools
  artifactKey: Guid(45ad91e27f7e2e240bd6bfc47c48a1da) Importer(815301076,1909f56bfc062723c751e8b465ee728b)
Start importing Assets/WBTTools using Guid(45ad91e27f7e2e240bd6bfc47c48a1da) Importer(815301076,1909f56bfc062723c751e8b465ee728b)  -> (artifact id: '3d9f634c401eeff8d4fa85d14fdd8ba9') in 0.001128 seconds
  Import took 0.002028 seconds .

========================================================================
Received Import Request.
  Time since last request: 4.897001 seconds.
  path: Assets/Scripts
  artifactKey: Guid(15ff7931ce3407f45a6bb6914c4b1397) Importer(815301076,1909f56bfc062723c751e8b465ee728b)
Start importing Assets/Scripts using Guid(15ff7931ce3407f45a6bb6914c4b1397) Importer(815301076,1909f56bfc062723c751e8b465ee728b)  -> (artifact id: '0ef8f0dc744714199bbcbec0b6834eab') in 0.005405 seconds
  Import took 0.007098 seconds .

========================================================================
Received Import Request.
  Time since last request: 4.817333 seconds.
  path: Assets/Scripts/NewBehaviourScript.cs
  artifactKey: Guid(a358fba0a26a9aa4392d780d2f0ac39c) Importer(815301076,1909f56bfc062723c751e8b465ee728b)
Start importing Assets/Scripts/NewBehaviourScript.cs using Guid(a358fba0a26a9aa4392d780d2f0ac39c) Importer(815301076,1909f56bfc062723c751e8b465ee728b)  -> (artifact id: 'f14d7cb1539ab6cb721a31b40840a5ed') in 0.004597 seconds
  Import took 0.006106 seconds .

========================================================================
Received Prepare
Registering precompiled user dll's ...
Registered in 0.000353 seconds.
Begin MonoManager ReloadAssembly
Native extension for WindowsStandalone target not found
Refreshing native plugins compatible for Editor in 0.22 ms, found 0 plugins.
Preloading 0 native plugins for Editor in 0.00 ms.
Mono: successfully reloaded assembly
- Completed reload, in  0.676 seconds
Platform modules already initialized, skipping
Switching build target platform(5) subTarget(0) extendedPlatform(0) -> platform(13) subTarget(537395200) extendedPlatform(0)
Refreshing native plugins compatible for Editor in 0.10 ms, found 0 plugins.
Preloading 0 native plugins for Editor in 0.00 ms.
Unloading 1131 Unused Serialized files (Serialized files now loaded: 0)
System memory in use before: 63.4 MB.
System memory in use after: 63.5 MB.

Unloading 6 unused Assets to reduce memory usage. Loaded Objects now: 1720.
Total: 1.498200 ms (FindLiveObjects: 0.145800 ms CreateObjectMapping: 0.034400 ms MarkObjects: 1.302600 ms  DeleteObjects: 0.014800 ms)

AssetImportParameters requested are different than current active one (requested -> active):
  custom:graphics/normal-map-encoding: 01000000000000000000000000000000 -> 02000000000000000000000000000000
========================================================================
Received Import Request.
  Time since last request: 9.454061 seconds.
  path: Assets/Scripts/UI
  artifactKey: Guid(0bd26e33ce1383d49ac0ae5619efd1ed) Importer(815301076,1909f56bfc062723c751e8b465ee728b)
Start importing Assets/Scripts/UI using Guid(0bd26e33ce1383d49ac0ae5619efd1ed) Importer(815301076,1909f56bfc062723c751e8b465ee728b)  -> (artifact id: '233f9403553f21eba8dd0ca1119fe656') in 0.003052 seconds
  Import took 0.004514 seconds .

========================================================================
Received Import Request.
  Time since last request: 16.723995 seconds.
  path: Assets/Scripts/UI/TimeLineBarUI.cs
  artifactKey: Guid(d062a1d573f03eb4b9036cb20bfe269b) Importer(815301076,1909f56bfc062723c751e8b465ee728b)
Start importing Assets/Scripts/UI/TimeLineBarUI.cs using Guid(d062a1d573f03eb4b9036cb20bfe269b) Importer(815301076,1909f56bfc062723c751e8b465ee728b)  -> (artifact id: 'b11957ac5c35483b06b40e118186b2b9') in 0.005327 seconds
  Import took 0.006817 seconds .

========================================================================
Received Prepare
Registering precompiled user dll's ...
Registered in 0.000384 seconds.
Begin MonoManager ReloadAssembly
Native extension for WindowsStandalone target not found
Refreshing native plugins compatible for Editor in 0.21 ms, found 0 plugins.
Preloading 0 native plugins for Editor in 0.00 ms.
Mono: successfully reloaded assembly
- Completed reload, in  0.680 seconds
Platform modules already initialized, skipping
Switching build target platform(5) subTarget(0) extendedPlatform(0) -> platform(13) subTarget(537395200) extendedPlatform(0)
Refreshing native plugins compatible for Editor in 0.09 ms, found 0 plugins.
Preloading 0 native plugins for Editor in 0.00 ms.
Unloading 1132 Unused Serialized files (Serialized files now loaded: 0)
System memory in use before: 63.5 MB.
System memory in use after: 63.6 MB.

Unloading 4 unused Assets to reduce memory usage. Loaded Objects now: 1724.
Total: 1.446300 ms (FindLiveObjects: 0.151300 ms CreateObjectMapping: 0.039400 ms MarkObjects: 1.246400 ms  DeleteObjects: 0.008600 ms)

AssetImportParameters requested are different than current active one (requested -> active):
  custom:graphics/normal-map-encoding: 01000000000000000000000000000000 -> 02000000000000000000000000000000
AssetImportWorkerClient::OnTransportError - code=2 error=End of file
